<?xml version="1.0" encoding="UTF-8"?>
<testng-results skipped="0" failed="0" total="1" passed="1">
  <reporter-output>
  </reporter-output>
  <suite name="Default suite" duration-ms="36" started-at="2021-03-16T05:12:55Z" finished-at="2021-03-16T05:12:55Z">
    <groups>
    </groups>
    <test name="Default test" duration-ms="36" started-at="2021-03-16T05:12:55Z" finished-at="2021-03-16T05:12:55Z">
      <class name="NewTest">
        <test-method status="PASS" signature="f()[pri:0, instance:NewTest@724af044]" name="f" duration-ms="15" started-at="2021-03-16T10:42:55Z" finished-at="2021-03-16T10:42:55Z">
          <reporter-output>
          </reporter-output>
        </test-method> <!-- f -->
      </class> <!-- NewTest -->
    </test> <!-- Default test -->
  </suite> <!-- Default suite -->
</testng-results>
